<?xml version="1.0" encoding="UTF-8"?>
<!-- Generated by org.testng.reporters.JUnitReportReporter -->
<testsuite hostname="DESKTOP-41TEPSB" failures="0" tests="2" name="jowytask.TestJowy" time="0.334" errors="0" timestamp="2023-03-30T03:26:21 EET" skipped="0">
  <testcase classname="jowytask.TestJowy" name="verifyBundles" time="0.325"/>
  <system-out/>
  <testcase classname="jowytask.TestJowy" name="verifyTitle" time="0.009"/>
  <system-out/>
</testsuite> <!-- jowytask.TestJowy -->
