<?xml version="1.0" encoding="UTF-8"?>
<!-- Generated by org.testng.reporters.JUnitReportReporter -->
<testsuite hostname="DESKTOP-41TEPSB" failures="0" tests="2" name="jowytask.tests" time="6.042" errors="0" timestamp="2023-03-30T06:23:29 EET" skipped="0">
  <testcase classname="jowytask.tests" name="validateAEURL" time="2.250"/>
  <system-out/>
  <testcase classname="jowytask.tests" name="verifyEGURL" time="3.792"/>
  <system-out/>
</testsuite> <!-- jowytask.tests -->
